* using log directory ‘/Users/dcum007/Documents/MIPhD/DAOH/METHODS_PAPER/daoh_package/daoh/daoh.Rcheck’
* using R version 4.5.2 (2025-10-31)
* using platform: aarch64-apple-darwin20
* R was compiled by
    Apple clang version 16.0.0 (clang-1600.0.26.6)
    GNU Fortran (GCC) 14.2.0
* running under: macOS Sonoma 14.8.5
* using session charset: UTF-8
* using option ‘--as-cran’
* checking for file ‘daoh/DESCRIPTION’ ... OK
* checking extension type ... Package
* this is package ‘daoh’ version ‘0.1.0’
* package encoding: UTF-8
* checking CRAN incoming feasibility ... [4s/39s] NOTE
Maintainer: ‘David Cumin <d.cumin@auckland.ac.nz>’

New submission

License components with restrictions and base license permitting such:
  MIT + file LICENSE
File 'LICENSE':
  MIT License
  
  Copyright (c) 2025 David Cumin
  
  Permission is hereby granted, free of charge, to any person obtaining a copy
  of this software and associated documentation files (the "Software"), to deal
  in the Software without restriction, including without limitation the rights
  to use, copy, modify, merge, publish, distribute, sublicense, and/or sell
  copies of the Software, and to permit persons to whom the Software is
  furnished to do so, subject to the following conditions:
  
  The above copyright notice and this permission notice shall be included in all
  copies or substantial portions of the Software.
  
  THE SOFTWARE IS PROVIDED "AS IS", WITHOUT WARRANTY OF ANY KIND, EXPRESS OR
  IMPLIED, INCLUDING BUT NOT LIMITED TO THE WARRANTIES OF MERCHANTABILITY,
  FITNESS FOR A PARTICULAR PURPOSE AND NONINFRINGEMENT. IN NO EVENT SHALL THE
  AUTHORS OR COPYRIGHT HOLDERS BE LIABLE FOR ANY CLAIM, DAMAGES OR OTHER
  LIABILITY, WHETHER IN AN ACTION OF CONTRACT, TORT OR OTHERWISE, ARISING FROM,
  OUT OF OR IN CONNECTION WITH THE SOFTWARE OR THE USE OR OTHER DEALINGS IN THE
  SOFTWARE.

Found the following (possibly) invalid URLs:
  URL: https://github.com/dcumin/daoh
    From: DESCRIPTION
    Status: 404
    Message: Not Found
  URL: https://github.com/dcumin/daoh/issues
    From: DESCRIPTION
    Status: 404
    Message: Not Found
* checking package namespace information ... OK
* checking package dependencies ... OK
* checking if this is a source package ... OK
* checking if there is a namespace ... OK
* checking for executable files ... OK
* checking for hidden files and directories ... OK
* checking for portable file names ... OK
* checking for sufficient/correct file permissions ... OK
* checking serialization versions ... OK
* checking whether package ‘daoh’ can be installed ... OK
* checking installed package size ... OK
* checking package directory ... OK
* checking for future file timestamps ... OK
* checking ‘build’ directory ... OK
* checking DESCRIPTION meta-information ... NOTE
License stub is invalid DCF.
* checking top-level files ... NOTE
Files ‘README.md’ or ‘NEWS.md’ cannot be checked without ‘pandoc’ being installed.
* checking for left-over files ... OK
* checking index information ... OK
* checking package subdirectories ... OK
* checking code files for non-ASCII characters ... WARNING
Found the following file with non-ASCII characters:
  R/plots.R
Portable packages must use only ASCII characters in their R code and
NAMESPACE directives, except perhaps in comments.
Use \uxxxx escapes for other characters.
Function ‘tools::showNonASCIIfile’ can help in finding non-ASCII
characters in files.
* checking R files for syntax errors ... OK
* checking whether the package can be loaded ... OK
* checking whether the package can be loaded with stated dependencies ... OK
* checking whether the package can be unloaded cleanly ... OK
* checking whether the namespace can be loaded with stated dependencies ... OK
* checking whether the namespace can be unloaded cleanly ... OK
* checking use of S3 registration ... OK
* checking dependencies in R code ... WARNING
'::' or ':::' import not declared from: ‘scales’
* checking S3 generic/method consistency ... OK
* checking replacement functions ... OK
* checking foreign function calls ... OK
* checking R code for possible problems ... NOTE
bland_altman_daoh: no visible global function definition for ‘sd’
bland_altman_daoh: no visible global function definition for ‘quantile’
daoh_reclassify: no visible global function definition for ‘quantile’
daoh_reclassify_centile : <anonymous>: no visible global function
  definition for ‘quantile’
daoh_summary : <anonymous>: no visible global function definition for
  ‘quantile’
daoh_summary : <anonymous>: no visible global function definition for
  ‘sd’
load_example : read_csv: no visible global function definition for
  ‘read.csv’
plot_daoh_ba: no visible binding for global variable ‘average’
plot_daoh_ba: no visible binding for global variable ‘difference’
plot_daoh_dist: no visible binding for global variable ‘daohPC’
plot_daoh_reclassify: no visible binding for global variable ‘Group_B’
plot_daoh_reclassify: no visible binding for global variable ‘Group_A’
plot_daoh_reclassify: no visible binding for global variable ‘Count’
Undefined global functions or variables:
  Count Group_A Group_B average daohPC difference quantile read.csv sd
Consider adding
  importFrom("stats", "quantile", "sd")
  importFrom("utils", "read.csv")
to your NAMESPACE file.
* checking for missing documentation entries ... WARNING
Undocumented code objects:
  ‘bland_altman_daoh’ ‘calc_daoh’ ‘daoh_icc’ ‘daoh_reclassify’
  ‘daoh_summary’ ‘dead_time’ ‘hospital_time’ ‘load_example’
  ‘merge_intervals’ ‘plot_daoh_ba’ ‘plot_daoh_dist’
  ‘plot_daoh_reclassify’
All user-level objects in a package should have documentation entries.
See chapter ‘Writing R documentation files’ in the ‘Writing R
Extensions’ manual.
* checking installed files from ‘inst/doc’ ... OK
* checking files in ‘vignettes’ ... OK
* checking examples ... NONE
* checking for unstated dependencies in vignettes ... OK
* checking package vignettes ... OK
* checking re-building of vignette outputs ... OK
* checking PDF version of manual ... OK
* checking for non-standard things in the check directory ... OK
* checking for detritus in the temp directory ... OK
* DONE
Status: 3 WARNINGs, 4 NOTEs
